2023-03-21 07:39:44,282 INFO c.t.c.CryptoApplication [restartedMain] Starting CryptoApplication on DESKTOP-O314QNH with PID 20428 (C:\Users\stast\IdeaProjects\restcrypto\target\classes started by stast in C:\Users\stast\IdeaProjects\restcrypto)
2023-03-21 07:39:44,294 INFO c.t.c.CryptoApplication [restartedMain] No active profile set, falling back to default profiles: default
2023-03-21 07:39:44,326 INFO o.s.b.d.e.DevToolsPropertyDefaultsPostProcessor [restartedMain] Devtools property defaults active! Set 'spring.devtools.add-properties' to 'false' to disable
2023-03-21 07:39:44,326 INFO o.s.b.d.e.DevToolsPropertyDefaultsPostProcessor [restartedMain] For additional web related logging consider setting the 'logging.level.web' property to 'DEBUG'
2023-03-21 07:39:45,331 INFO o.s.c.s.PostProcessorRegistrationDelegate$BeanPostProcessorChecker [restartedMain] Bean 'org.springframework.transaction.annotation.ProxyTransactionManagementConfiguration' of type [org.springframework.transaction.annotation.ProxyTransactionManagementConfiguration$$EnhancerBySpringCGLIB$$b9d4f9a7] is not eligible for getting processed by all BeanPostProcessors (for example: not eligible for auto-proxying)
2023-03-21 07:39:45,568 INFO o.s.b.w.e.t.TomcatWebServer [restartedMain] Tomcat initialized with port(s): 8085 (http)
2023-03-21 07:39:45,677 INFO o.s.w.c.ContextLoader [restartedMain] Root WebApplicationContext: initialization completed in 1351 ms
2023-03-21 07:39:46,026 INFO o.h.j.i.u.LogHelper [restartedMain] HHH000204: Processing PersistenceUnitInfo [
	name: default
	...]
2023-03-21 07:39:46,084 INFO o.h.Version [restartedMain] HHH000412: Hibernate Core {5.3.10.Final}
2023-03-21 07:39:46,085 INFO o.h.c.Environment [restartedMain] HHH000206: hibernate.properties not found
2023-03-21 07:39:46,208 INFO o.h.a.c.Version [restartedMain] HCANN000001: Hibernate Commons Annotations {5.0.4.Final}
2023-03-21 07:39:46,335 INFO o.h.d.Dialect [restartedMain] HHH000400: Using dialect: org.hibernate.dialect.PostgreSQL95Dialect
2023-03-21 07:39:46,349 INFO o.h.e.j.e.i.LobCreatorBuilderImpl [restartedMain] HHH000422: Disabling contextual LOB creation as connection was null
2023-03-21 07:39:46,354 INFO o.h.t.BasicTypeRegistry [restartedMain] HHH000270: Type registration [java.util.UUID] overrides previous : org.hibernate.type.UUIDBinaryType@29fb637f
2023-03-21 07:39:46,963 INFO o.s.o.j.LocalContainerEntityManagerFactoryBean [restartedMain] Initialized JPA EntityManagerFactory for persistence unit 'default'
2023-03-21 07:39:46,997 INFO o.s.b.d.a.OptionalLiveReloadServer [restartedMain] LiveReload server is running on port 35729
2023-03-21 07:39:47,436 INFO o.s.s.c.ThreadPoolTaskExecutor [restartedMain] Initializing ExecutorService 'applicationTaskExecutor'
2023-03-21 07:39:47,471 WARN o.s.b.a.o.j.JpaBaseConfiguration$JpaWebConfiguration$JpaWebMvcConfiguration [restartedMain] spring.jpa.open-in-view is enabled by default. Therefore, database queries may be performed during view rendering. Explicitly configure spring.jpa.open-in-view to disable this warning
2023-03-21 07:39:47,611 INFO o.s.s.c.ThreadPoolTaskScheduler [restartedMain] Initializing ExecutorService 'taskScheduler'
2023-03-21 07:39:47,701 INFO o.h.h.i.QueryTranslatorFactoryInitiator [task-1] HHH000397: Using ASTQueryTranslatorFactory
2023-03-21 07:39:47,705 INFO o.s.b.w.e.t.TomcatWebServer [restartedMain] Tomcat started on port(s): 8085 (http) with context path ''
2023-03-21 07:39:47,707 INFO c.t.c.CryptoApplication [restartedMain] Started CryptoApplication in 3.67 seconds (JVM running for 4.534)
2023-03-21 07:39:51,982 INFO o.s.s.c.ThreadPoolTaskScheduler [Thread-8] Shutting down ExecutorService 'taskScheduler'
2023-03-21 07:39:51,982 INFO o.s.s.c.ThreadPoolTaskExecutor [Thread-8] Shutting down ExecutorService 'applicationTaskExecutor'
2023-03-21 07:39:51,983 INFO o.s.o.j.LocalContainerEntityManagerFactoryBean [Thread-8] Closing JPA EntityManagerFactory for persistence unit 'default'
